Removed Pin From Net: NetName=NetD2_2 Pin=K1-5
Removed Pin From Net: NetName=NetD2_2 Pin=K1-8
Added Component: Designator=C1(1210_C)
Add component (AddParameter): Name = "Add into BOM"; Value = "yes"; VariantName = "[No Variations]"
Add component (AddParameter): Name = "Convert to PCB"; Value = "yes"; VariantName = "[No Variations]"
Add component (AddParameter): Name = "Datasheet"; Value = "https://atta.szlcsc.com/upload/public/pdf/source/20210617/C2840282_5B7AB5BFD77495008CFAB3FC2796A0E9.pdf"; VariantName = "[No Variations]"
Add component (AddParameter): Name = "Device"; Value = "1210B475K101NT"; VariantName = "[No Variations]"
Add component (AddParameter): Name = "JLCPCB Part Class"; Value = "Extended Part"; VariantName = "[No Variations]"
Add component (AddParameter): Name = "LCSC Part Name"; Value = "4.7uF ±10% 100V"; VariantName = "[No Variations]"
Add component (AddParameter): Name = "Manufacturer"; Value = "FH(风华)"; VariantName = "[No Variations]"
Add component (AddParameter): Name = "Manufacturer Part"; Value = "1210B475K101NT"; VariantName = "[No Variations]"
Add component (AddParameter): Name = "Supplier"; Value = "LCSC"; VariantName = "[No Variations]"
Add component (AddParameter): Name = "Supplier Footprint"; Value = "1210"; VariantName = "[No Variations]"
Add component (AddParameter): Name = "Supplier Part"; Value = "C2840282"; VariantName = "[No Variations]"
Add component (AddParameter): Name = "Symbol"; Value = "1210B475K101NT"; VariantName = "[No Variations]"
Add component (AddParameter): Name = "Temperature Coefficient"; Value = "X7R"; VariantName = "[No Variations]"
Add component (AddParameter): Name = "Tolerance"; Value = "±10%"; VariantName = "[No Variations]"
Add component (AddParameter): Name = "Value"; Value = "4.7uF"; VariantName = "[No Variations]"
Add component (AddParameter): Name = "Voltage Rated"; Value = "100V"; VariantName = "[No Variations]"
Added Component: Designator=C2(1210_C)
Add component (AddParameter): Name = "Add into BOM"; Value = "yes"; VariantName = "[No Variations]"
Add component (AddParameter): Name = "Convert to PCB"; Value = "yes"; VariantName = "[No Variations]"
Add component (AddParameter): Name = "Datasheet"; Value = "https://atta.szlcsc.com/upload/public/pdf/source/20210617/C2840282_5B7AB5BFD77495008CFAB3FC2796A0E9.pdf"; VariantName = "[No Variations]"
Add component (AddParameter): Name = "Device"; Value = "1210B475K101NT"; VariantName = "[No Variations]"
Add component (AddParameter): Name = "JLCPCB Part Class"; Value = "Extended Part"; VariantName = "[No Variations]"
Add component (AddParameter): Name = "LCSC Part Name"; Value = "4.7uF ±10% 100V"; VariantName = "[No Variations]"
Add component (AddParameter): Name = "Manufacturer"; Value = "FH(风华)"; VariantName = "[No Variations]"
Add component (AddParameter): Name = "Manufacturer Part"; Value = "1210B475K101NT"; VariantName = "[No Variations]"
Add component (AddParameter): Name = "Supplier"; Value = "LCSC"; VariantName = "[No Variations]"
Add component (AddParameter): Name = "Supplier Footprint"; Value = "1210"; VariantName = "[No Variations]"
Add component (AddParameter): Name = "Supplier Part"; Value = "C2840282"; VariantName = "[No Variations]"
Add component (AddParameter): Name = "Symbol"; Value = "1210B475K101NT"; VariantName = "[No Variations]"
Add component (AddParameter): Name = "Temperature Coefficient"; Value = "X7R"; VariantName = "[No Variations]"
Add component (AddParameter): Name = "Tolerance"; Value = "±10%"; VariantName = "[No Variations]"
Add component (AddParameter): Name = "Value"; Value = "4.7uF"; VariantName = "[No Variations]"
Add component (AddParameter): Name = "Voltage Rated"; Value = "100V"; VariantName = "[No Variations]"
Added Component: Designator=C3(1210_C)
Add component (AddParameter): Name = "Add into BOM"; Value = "yes"; VariantName = "[No Variations]"
Add component (AddParameter): Name = "Convert to PCB"; Value = "yes"; VariantName = "[No Variations]"
Add component (AddParameter): Name = "Datasheet"; Value = "https://atta.szlcsc.com/upload/public/pdf/source/20210617/C2840282_5B7AB5BFD77495008CFAB3FC2796A0E9.pdf"; VariantName = "[No Variations]"
Add component (AddParameter): Name = "Device"; Value = "1210B475K101NT"; VariantName = "[No Variations]"
Add component (AddParameter): Name = "JLCPCB Part Class"; Value = "Extended Part"; VariantName = "[No Variations]"
Add component (AddParameter): Name = "LCSC Part Name"; Value = "4.7uF ±10% 100V"; VariantName = "[No Variations]"
Add component (AddParameter): Name = "Manufacturer"; Value = "FH(风华)"; VariantName = "[No Variations]"
Add component (AddParameter): Name = "Manufacturer Part"; Value = "1210B475K101NT"; VariantName = "[No Variations]"
Add component (AddParameter): Name = "Supplier"; Value = "LCSC"; VariantName = "[No Variations]"
Add component (AddParameter): Name = "Supplier Footprint"; Value = "1210"; VariantName = "[No Variations]"
Add component (AddParameter): Name = "Supplier Part"; Value = "C2840282"; VariantName = "[No Variations]"
Add component (AddParameter): Name = "Symbol"; Value = "1210B475K101NT"; VariantName = "[No Variations]"
Add component (AddParameter): Name = "Temperature Coefficient"; Value = "X7R"; VariantName = "[No Variations]"
Add component (AddParameter): Name = "Tolerance"; Value = "±10%"; VariantName = "[No Variations]"
Add component (AddParameter): Name = "Value"; Value = "4.7uF"; VariantName = "[No Variations]"
Add component (AddParameter): Name = "Voltage Rated"; Value = "100V"; VariantName = "[No Variations]"
Added Component: Designator=C4(1210_C)
Add component (AddParameter): Name = "Add into BOM"; Value = "yes"; VariantName = "[No Variations]"
Add component (AddParameter): Name = "Convert to PCB"; Value = "yes"; VariantName = "[No Variations]"
Add component (AddParameter): Name = "Datasheet"; Value = "https://atta.szlcsc.com/upload/public/pdf/source/20210617/C2840282_5B7AB5BFD77495008CFAB3FC2796A0E9.pdf"; VariantName = "[No Variations]"
Add component (AddParameter): Name = "Device"; Value = "1210B475K101NT"; VariantName = "[No Variations]"
Add component (AddParameter): Name = "JLCPCB Part Class"; Value = "Extended Part"; VariantName = "[No Variations]"
Add component (AddParameter): Name = "LCSC Part Name"; Value = "4.7uF ±10% 100V"; VariantName = "[No Variations]"
Add component (AddParameter): Name = "Manufacturer"; Value = "FH(风华)"; VariantName = "[No Variations]"
Add component (AddParameter): Name = "Manufacturer Part"; Value = "1210B475K101NT"; VariantName = "[No Variations]"
Add component (AddParameter): Name = "Supplier"; Value = "LCSC"; VariantName = "[No Variations]"
Add component (AddParameter): Name = "Supplier Footprint"; Value = "1210"; VariantName = "[No Variations]"
Add component (AddParameter): Name = "Supplier Part"; Value = "C2840282"; VariantName = "[No Variations]"
Add component (AddParameter): Name = "Symbol"; Value = "1210B475K101NT"; VariantName = "[No Variations]"
Add component (AddParameter): Name = "Temperature Coefficient"; Value = "X7R"; VariantName = "[No Variations]"
Add component (AddParameter): Name = "Tolerance"; Value = "±10%"; VariantName = "[No Variations]"
Add component (AddParameter): Name = "Value"; Value = "4.7uF"; VariantName = "[No Variations]"
Add component (AddParameter): Name = "Voltage Rated"; Value = "100V"; VariantName = "[No Variations]"
Added Component: Designator=C5(1210_C)
Add component (AddParameter): Name = "Add into BOM"; Value = "yes"; VariantName = "[No Variations]"
Add component (AddParameter): Name = "Convert to PCB"; Value = "yes"; VariantName = "[No Variations]"
Add component (AddParameter): Name = "Datasheet"; Value = "https://atta.szlcsc.com/upload/public/pdf/source/20210617/C2840282_5B7AB5BFD77495008CFAB3FC2796A0E9.pdf"; VariantName = "[No Variations]"
Add component (AddParameter): Name = "Device"; Value = "1210B475K101NT"; VariantName = "[No Variations]"
Add component (AddParameter): Name = "JLCPCB Part Class"; Value = "Extended Part"; VariantName = "[No Variations]"
Add component (AddParameter): Name = "LCSC Part Name"; Value = "4.7uF ±10% 100V"; VariantName = "[No Variations]"
Add component (AddParameter): Name = "Manufacturer"; Value = "FH(风华)"; VariantName = "[No Variations]"
Add component (AddParameter): Name = "Manufacturer Part"; Value = "1210B475K101NT"; VariantName = "[No Variations]"
Add component (AddParameter): Name = "Supplier"; Value = "LCSC"; VariantName = "[No Variations]"
Add component (AddParameter): Name = "Supplier Footprint"; Value = "1210"; VariantName = "[No Variations]"
Add component (AddParameter): Name = "Supplier Part"; Value = "C2840282"; VariantName = "[No Variations]"
Add component (AddParameter): Name = "Symbol"; Value = "1210B475K101NT"; VariantName = "[No Variations]"
Add component (AddParameter): Name = "Temperature Coefficient"; Value = "X7R"; VariantName = "[No Variations]"
Add component (AddParameter): Name = "Tolerance"; Value = "±10%"; VariantName = "[No Variations]"
Add component (AddParameter): Name = "Value"; Value = "4.7uF"; VariantName = "[No Variations]"
Add component (AddParameter): Name = "Voltage Rated"; Value = "100V"; VariantName = "[No Variations]"
Added Component: Designator=C6(1210_C)
Add component (AddParameter): Name = "Add into BOM"; Value = "yes"; VariantName = "[No Variations]"
Add component (AddParameter): Name = "Convert to PCB"; Value = "yes"; VariantName = "[No Variations]"
Add component (AddParameter): Name = "Datasheet"; Value = "https://atta.szlcsc.com/upload/public/pdf/source/20210617/C2840282_5B7AB5BFD77495008CFAB3FC2796A0E9.pdf"; VariantName = "[No Variations]"
Add component (AddParameter): Name = "Device"; Value = "1210B475K101NT"; VariantName = "[No Variations]"
Add component (AddParameter): Name = "JLCPCB Part Class"; Value = "Extended Part"; VariantName = "[No Variations]"
Add component (AddParameter): Name = "LCSC Part Name"; Value = "4.7uF ±10% 100V"; VariantName = "[No Variations]"
Add component (AddParameter): Name = "Manufacturer"; Value = "FH(风华)"; VariantName = "[No Variations]"
Add component (AddParameter): Name = "Manufacturer Part"; Value = "1210B475K101NT"; VariantName = "[No Variations]"
Add component (AddParameter): Name = "Supplier"; Value = "LCSC"; VariantName = "[No Variations]"
Add component (AddParameter): Name = "Supplier Footprint"; Value = "1210"; VariantName = "[No Variations]"
Add component (AddParameter): Name = "Supplier Part"; Value = "C2840282"; VariantName = "[No Variations]"
Add component (AddParameter): Name = "Symbol"; Value = "1210B475K101NT"; VariantName = "[No Variations]"
Add component (AddParameter): Name = "Temperature Coefficient"; Value = "X7R"; VariantName = "[No Variations]"
Add component (AddParameter): Name = "Tolerance"; Value = "±10%"; VariantName = "[No Variations]"
Add component (AddParameter): Name = "Value"; Value = "4.7uF"; VariantName = "[No Variations]"
Add component (AddParameter): Name = "Voltage Rated"; Value = "100V"; VariantName = "[No Variations]"
Added Component: Designator=R1(R 0805)
Added Component: Designator=R2(R 0805)
Added Component: Designator=R3(R 0805)
Added Component: Designator=U1(SOT-89-3_L4.5-W2.5-P1.50-LS4.2-BR)
Add component (AddParameter): Name = "Add into BOM"; Value = "yes"; VariantName = "[No Variations]"
Add component (AddParameter): Name = "Convert to PCB"; Value = "yes"; VariantName = "[No Variations]"
Add component (AddParameter): Name = "Datasheet"; Value = "https://atta.szlcsc.com/upload/public/pdf/source/20171228/C164903_15144413069831213906.pdf"; VariantName = "[No Variations]"
Add component (AddParameter): Name = "Device"; Value = "CJ78L05_C2079"; VariantName = "[No Variations]"
Add component (AddParameter): Name = "Dropout Voltage"; Value = "1.7V@(40mA)"; VariantName = "[No Variations]"
Add component (AddParameter): Name = "JLCPCB Part Class"; Value = "Extended Part"; VariantName = "[No Variations]"
Add component (AddParameter): Name = "LCSC Part Name"; Value = "输入30V 输出5V 100mA"; VariantName = "[No Variations]"
Add component (AddParameter): Name = "Manufacturer"; Value = "CJ(江苏长电/长晶)"; VariantName = "[No Variations]"
Add component (AddParameter): Name = "Manufacturer Part"; Value = "CJ78L05"; VariantName = "[No Variations]"
Add component (AddParameter): Name = "MAX Output Current"; Value = "100mA"; VariantName = "[No Variations]"
Add component (AddParameter): Name = "Maximum Input Voltage"; Value = "30V"; VariantName = "[No Variations]"
Add component (AddParameter): Name = "Number of Outputs"; Value = "1"; VariantName = "[No Variations]"
Add component (AddParameter): Name = "Output Polarity"; Value = "正极"; VariantName = "[No Variations]"
Add component (AddParameter): Name = "Output Type"; Value = "固定"; VariantName = "[No Variations]"
Add component (AddParameter): Name = "Output Voltage"; Value = "5V"; VariantName = "[No Variations]"
Add component (AddParameter): Name = "Supplier"; Value = "LCSC"; VariantName = "[No Variations]"
Add component (AddParameter): Name = "Supplier Footprint"; Value = "SOT-89-3L"; VariantName = "[No Variations]"
Add component (AddParameter): Name = "Supplier Part"; Value = "C2079"; VariantName = "[No Variations]"
Add component (AddParameter): Name = "Symbol"; Value = "CJ78L05"; VariantName = "[No Variations]"
Added Component: Designator=U??(TSSOP-14_L5.0-W4.5-P0.65-LS6.4-BL)
Add component (AddParameter): Name = "Add into BOM"; Value = "yes"; VariantName = "[No Variations]"
Add component (AddParameter): Name = "Convert to PCB"; Value = "yes"; VariantName = "[No Variations]"
Add component (AddParameter): Name = "Datasheet"; Value = "https://www.ti.com/cn/lit/gpn/drv120"; VariantName = "[No Variations]"
Add component (AddParameter): Name = "Device"; Value = "DRV120APWR"; VariantName = "[No Variations]"
Add component (AddParameter): Name = "JLCPCB Part Class"; Value = "Extended Part"; VariantName = "[No Variations]"
Add component (AddParameter): Name = "LCSC Part Name"; Value = "DRV120APWR"; VariantName = "[No Variations]"
Add component (AddParameter): Name = "Manufacturer"; Value = "TI(德州仪器)"; VariantName = "[No Variations]"
Add component (AddParameter): Name = "Manufacturer Part"; Value = "DRV120APWR"; VariantName = "[No Variations]"
Add component (AddParameter): Name = "Supplier"; Value = "LCSC"; VariantName = "[No Variations]"
Add component (AddParameter): Name = "Supplier Footprint"; Value = "TSSOP-14"; VariantName = "[No Variations]"
Add component (AddParameter): Name = "Supplier Part"; Value = "C701771"; VariantName = "[No Variations]"
Add component (AddParameter): Name = "Symbol"; Value = "DRV120APWR"; VariantName = "[No Variations]"
Added Pin To Net: NetName=24V0 Pin=C1-1
Added Pin To Net: NetName=24V+ Pin=C1-2
Added Pin To Net: NetName=24V0 Pin=C2-1
Added Pin To Net: NetName=24V+ Pin=C2-2
Added Pin To Net: NetName=24V0 Pin=C3-1
Added Pin To Net: NetName=24V+ Pin=C4-1
Added Pin To Net: NetName=24V0 Pin=C4-2
Added Pin To Net: NetName=24V0 Pin=C5-2
Added Pin To Net: NetName=24V0 Pin=C6-1
Added Pin To Net: NetName=24V0 Pin=R1-1
Added Pin To Net: NetName=24V0 Pin=R2-1
Added Pin To Net: NetName=24V0 Pin=R3-1
Added Pin To Net: NetName=24V0 Pin=U1-2
Added Pin To Net: NetName=24V+ Pin=U1-3
Added Pin To Net: NetName=24V0 Pin=U??-8
Added Pin To Net: NetName=NetD2_2 Pin=U??-11
Change Net Name : Old Net Name=24V0 New Net Name=0V
Added Pin To Net: NetName=5V+ Pin=C3-2
Added Pin To Net: NetName=5V+ Pin=C6-2
Added Pin To Net: NetName=5V+ Pin=U1-1
Added Pin To Net: NetName=5V+ Pin=U??-13
Added Net: Name=5V+
Added Pin To Net: NetName=NetC5_1 Pin=C5-1
Added Pin To Net: NetName=NetC5_1 Pin=U??-2
Added Net: Name=NetC5_1
Added Pin To Net: NetName=NetK1_5 Pin=K1-5
Added Pin To Net: NetName=NetK1_5 Pin=K1-8
Added Pin To Net: NetName=NetK1_5 Pin=U??-7
Added Net: Name=NetK1_5
Added Pin To Net: NetName=NetR1_2 Pin=R1-2
Added Pin To Net: NetName=NetR1_2 Pin=U??-3
Added Net: Name=NetR1_2
Added Pin To Net: NetName=NetR2_2 Pin=R2-2
Added Pin To Net: NetName=NetR2_2 Pin=U??-4
Added Net: Name=NetR2_2
Added Pin To Net: NetName=NetR3_2 Pin=R3-2
Added Pin To Net: NetName=NetR3_2 Pin=U??-5
Added Net: Name=NetR3_2
Added Member To Class: ClassName=Sheet1 Member=Component C1 4.7uF
Added Member To Class: ClassName=Sheet1 Member=Component C2 0.33uF
Added Member To Class: ClassName=Sheet1 Member=Component C3 0.1uF
Added Member To Class: ClassName=Sheet1 Member=Component C4 0.1uF
Added Member To Class: ClassName=Sheet1 Member=Component C5 0.1uF
Added Member To Class: ClassName=Sheet1 Member=Component C6 0.1uF
Added Member To Class: ClassName=Sheet1 Member=Component R1 47k
Added Member To Class: ClassName=Sheet1 Member=Component R2 100k
Added Member To Class: ClassName=Sheet1 Member=Component R3 200k
Added Member To Class: ClassName=Sheet1 Member=Component U1 78L05
Added Member To Class: ClassName=Sheet1 Member=Component U?? DRV120APWR
Added Rule: Name=Schematic Supply Nets_7
Added Rule: Name=Schematic Supply Nets_8
