Added Component: Designator=D2(SMAF_L3.5-W2.6-LS4.7-FD)
Add component (AddParameter): Name = "Add into BOM"; Value = "yes"; VariantName = "[No Variations]"
Add component (AddParameter): Name = "Average Rectified Current (Io)"; Value = "3A"; VariantName = "[No Variations]"
Add component (AddParameter): Name = "Convert to PCB"; Value = "yes"; VariantName = "[No Variations]"
Add component (AddParameter): Name = "Datasheet"; Value = "https://atta.szlcsc.com/upload/public/pdf/source/20201231/C908669_14F884D2643FB3EE455C9EAA3A20B275.pdf"; VariantName = "[No Variations]"
Add component (AddParameter): Name = "Device"; Value = "SS34F_C908669"; VariantName = "[No Variations]"
Add component (AddParameter): Name = "Diode Configuration"; Value = "独立式"; VariantName = "[No Variations]"
Add component (AddParameter): Name = "Forward Voltage (Vf@If)"; Value = "550mV@3A"; VariantName = "[No Variations]"
Add component (AddParameter): Name = "JLCPCB Part Class"; Value = "Extended Part"; VariantName = "[No Variations]"
Add component (AddParameter): Name = "LCSC Part Name"; Value = "电压:40V 电流:3A"; VariantName = "[No Variations]"
Add component (AddParameter): Name = "Manufacturer"; Value = "GOODWORK(固得沃克)"; VariantName = "[No Variations]"
Add component (AddParameter): Name = "Manufacturer Part"; Value = "SS34F"; VariantName = "[No Variations]"
Add component (AddParameter): Name = "Reverse Leakage Current (Ir)"; Value = "200uA@40V"; VariantName = "[No Variations]"
Add component (AddParameter): Name = "Reverse Voltage (Vr)"; Value = "40V"; VariantName = "[No Variations]"
Add component (AddParameter): Name = "Supplier"; Value = "LCSC"; VariantName = "[No Variations]"
Add component (AddParameter): Name = "Supplier Footprint"; Value = "SMAF"; VariantName = "[No Variations]"
Add component (AddParameter): Name = "Supplier Part"; Value = "C908669"; VariantName = "[No Variations]"
Add component (AddParameter): Name = "Symbol"; Value = "SS34F_C908669"; VariantName = "[No Variations]"
Added Pin To Net: NetName=24V0 Pin=D2-1
Added Pin To Net: NetName=NetD2_2 Pin=D2-2
Added Pin To Net: NetName=NetD2_2 Pin=H4-1
Added Pin To Net: NetName=NetD2_2 Pin=K1-5
Added Net: Name=NetD2_2
Added Member To Class: ClassName=Sheet1 Member=Component D2 SS14
