Removed Pin From Net: NetName=0V Pin=C1-1
Removed Pin From Net: NetName=DC+ Pin=D1-3
Removed Pin From Net: NetName=0V Pin=D2-1
Removed Pin From Net: NetName=DC+ Pin=D2-2
Removed Pin From Net: NetName=0V Pin=D4-3
Removed Pin From Net: NetName=0V Pin=H1-2
Removed Pin From Net: NetName=0V Pin=H3-3
Removed Pin From Net: NetName=0V Pin=H3-4
Removed Pin From Net: NetName=0V Pin=H4-2
Removed Pin From Net: NetName=0V Pin=H5-3
Removed Pin From Net: NetName=0V Pin=H5-4
Removed Pin From Net: NetName=DC+ Pin=H9-1
Removed Pin From Net: NetName=DC+ Pin=H9-2
Removed Pin From Net: NetName=DC+ Pin=H9-3
Removed Pin From Net: NetName=DC+ Pin=H9-4
Removed Pin From Net: NetName=DC+ Pin=H9-5
Removed Pin From Net: NetName=0V Pin=H10-1
Removed Pin From Net: NetName=0V Pin=H10-2
Removed Pin From Net: NetName=0V Pin=H10-3
Removed Pin From Net: NetName=0V Pin=H10-4
Removed Pin From Net: NetName=0V Pin=H10-5
Removed Pin From Net: NetName=DC+ Pin=J9-5
Removed Pin From Net: NetName=0V Pin=J9-6
Removed Pin From Net: NetName=0V Pin=U1-5
Removed Member From Class: ClassName=600米舵机驱动接口板v1.0 Member=C1
Removed Member From Class: ClassName=600米舵机驱动接口板v1.0 Member=C2
Removed Member From Class: ClassName=600米舵机驱动接口板v1.0 Member=C3
Removed Member From Class: ClassName=600米舵机驱动接口板v1.0 Member=D1
Removed Member From Class: ClassName=600米舵机驱动接口板v1.0 Member=D2
Removed Member From Class: ClassName=600米舵机驱动接口板v1.0 Member=D3
Removed Member From Class: ClassName=600米舵机驱动接口板v1.0 Member=D4
Removed Member From Class: ClassName=600米舵机驱动接口板v1.0 Member=D5
Removed Member From Class: ClassName=600米舵机驱动接口板v1.0 Member=F1
Removed Member From Class: ClassName=600米舵机驱动接口板v1.0 Member=F2
Removed Member From Class: ClassName=600米舵机驱动接口板v1.0 Member=F3
Removed Member From Class: ClassName=600米舵机驱动接口板v1.0 Member=H1
Removed Member From Class: ClassName=600米舵机驱动接口板v1.0 Member=H2
Removed Member From Class: ClassName=600米舵机驱动接口板v1.0 Member=H3
Removed Member From Class: ClassName=600米舵机驱动接口板v1.0 Member=H4
Removed Member From Class: ClassName=600米舵机驱动接口板v1.0 Member=H5
Removed Member From Class: ClassName=600米舵机驱动接口板v1.0 Member=H6
Removed Member From Class: ClassName=600米舵机驱动接口板v1.0 Member=H7
Removed Member From Class: ClassName=600米舵机驱动接口板v1.0 Member=H9
Removed Member From Class: ClassName=600米舵机驱动接口板v1.0 Member=H10
Removed Member From Class: ClassName=600米舵机驱动接口板v1.0 Member=H11
Removed Member From Class: ClassName=600米舵机驱动接口板v1.0 Member=H12
Removed Member From Class: ClassName=600米舵机驱动接口板v1.0 Member=H13
Removed Member From Class: ClassName=600米舵机驱动接口板v1.0 Member=H14
Removed Member From Class: ClassName=600米舵机驱动接口板v1.0 Member=J6
Removed Member From Class: ClassName=600米舵机驱动接口板v1.0 Member=J7
Removed Member From Class: ClassName=600米舵机驱动接口板v1.0 Member=J9
Removed Member From Class: ClassName=600米舵机驱动接口板v1.0 Member=R1
Removed Member From Class: ClassName=600米舵机驱动接口板v1.0 Member=U1
Change Class Name : Old Net Name=600米舵机驱动接口板v1.0 New Net Name=600米舵机电容板V1.0
