Added Component: Designator=C109(1210_C)
Add component (AddParameter): Name = "Add into BOM"; Value = "yes"; VariantName = "[No Variations]"
Add component (AddParameter): Name = "Convert to PCB"; Value = "yes"; VariantName = "[No Variations]"
Add component (AddParameter): Name = "Datasheet"; Value = "https://atta.szlcsc.com/upload/public/pdf/source/20210617/C2840282_5B7AB5BFD77495008CFAB3FC2796A0E9.pdf"; VariantName = "[No Variations]"
Add component (AddParameter): Name = "Device"; Value = "1210B475K101NT"; VariantName = "[No Variations]"
Add component (AddParameter): Name = "JLCPCB Part Class"; Value = "Extended Part"; VariantName = "[No Variations]"
Add component (AddParameter): Name = "LCSC Part Name"; Value = "4.7uF ±10% 100V"; VariantName = "[No Variations]"
Add component (AddParameter): Name = "Manufacturer"; Value = "FH(风华)"; VariantName = "[No Variations]"
Add component (AddParameter): Name = "Manufacturer Part"; Value = "1210B475K101NT"; VariantName = "[No Variations]"
Add component (AddParameter): Name = "Supplier"; Value = "LCSC"; VariantName = "[No Variations]"
Add component (AddParameter): Name = "Supplier Footprint"; Value = "1210"; VariantName = "[No Variations]"
Add component (AddParameter): Name = "Supplier Part"; Value = "C2840282"; VariantName = "[No Variations]"
Add component (AddParameter): Name = "Symbol"; Value = "1210B475K101NT"; VariantName = "[No Variations]"
Add component (AddParameter): Name = "Temperature Coefficient"; Value = "X7R"; VariantName = "[No Variations]"
Add component (AddParameter): Name = "Tolerance"; Value = "±10%"; VariantName = "[No Variations]"
Add component (AddParameter): Name = "Value"; Value = "4.7uF"; VariantName = "[No Variations]"
Add component (AddParameter): Name = "Voltage Rated"; Value = "100V"; VariantName = "[No Variations]"
Added Component: Designator=C110(1210_C)
Add component (AddParameter): Name = "Add into BOM"; Value = "yes"; VariantName = "[No Variations]"
Add component (AddParameter): Name = "Convert to PCB"; Value = "yes"; VariantName = "[No Variations]"
Add component (AddParameter): Name = "Datasheet"; Value = "https://atta.szlcsc.com/upload/public/pdf/source/20210617/C2840282_5B7AB5BFD77495008CFAB3FC2796A0E9.pdf"; VariantName = "[No Variations]"
Add component (AddParameter): Name = "Device"; Value = "1210B475K101NT"; VariantName = "[No Variations]"
Add component (AddParameter): Name = "JLCPCB Part Class"; Value = "Extended Part"; VariantName = "[No Variations]"
Add component (AddParameter): Name = "LCSC Part Name"; Value = "4.7uF ±10% 100V"; VariantName = "[No Variations]"
Add component (AddParameter): Name = "Manufacturer"; Value = "FH(风华)"; VariantName = "[No Variations]"
Add component (AddParameter): Name = "Manufacturer Part"; Value = "1210B475K101NT"; VariantName = "[No Variations]"
Add component (AddParameter): Name = "Supplier"; Value = "LCSC"; VariantName = "[No Variations]"
Add component (AddParameter): Name = "Supplier Footprint"; Value = "1210"; VariantName = "[No Variations]"
Add component (AddParameter): Name = "Supplier Part"; Value = "C2840282"; VariantName = "[No Variations]"
Add component (AddParameter): Name = "Symbol"; Value = "1210B475K101NT"; VariantName = "[No Variations]"
Add component (AddParameter): Name = "Temperature Coefficient"; Value = "X7R"; VariantName = "[No Variations]"
Add component (AddParameter): Name = "Tolerance"; Value = "±10%"; VariantName = "[No Variations]"
Add component (AddParameter): Name = "Value"; Value = "4.7uF"; VariantName = "[No Variations]"
Add component (AddParameter): Name = "Voltage Rated"; Value = "100V"; VariantName = "[No Variations]"
Added Component: Designator=C111(1210_C)
Add component (AddParameter): Name = "Add into BOM"; Value = "yes"; VariantName = "[No Variations]"
Add component (AddParameter): Name = "Convert to PCB"; Value = "yes"; VariantName = "[No Variations]"
Add component (AddParameter): Name = "Datasheet"; Value = "https://atta.szlcsc.com/upload/public/pdf/source/20210617/C2840282_5B7AB5BFD77495008CFAB3FC2796A0E9.pdf"; VariantName = "[No Variations]"
Add component (AddParameter): Name = "Device"; Value = "1210B475K101NT"; VariantName = "[No Variations]"
Add component (AddParameter): Name = "JLCPCB Part Class"; Value = "Extended Part"; VariantName = "[No Variations]"
Add component (AddParameter): Name = "LCSC Part Name"; Value = "4.7uF ±10% 100V"; VariantName = "[No Variations]"
Add component (AddParameter): Name = "Manufacturer"; Value = "FH(风华)"; VariantName = "[No Variations]"
Add component (AddParameter): Name = "Manufacturer Part"; Value = "1210B475K101NT"; VariantName = "[No Variations]"
Add component (AddParameter): Name = "Supplier"; Value = "LCSC"; VariantName = "[No Variations]"
Add component (AddParameter): Name = "Supplier Footprint"; Value = "1210"; VariantName = "[No Variations]"
Add component (AddParameter): Name = "Supplier Part"; Value = "C2840282"; VariantName = "[No Variations]"
Add component (AddParameter): Name = "Symbol"; Value = "1210B475K101NT"; VariantName = "[No Variations]"
Add component (AddParameter): Name = "Temperature Coefficient"; Value = "X7R"; VariantName = "[No Variations]"
Add component (AddParameter): Name = "Tolerance"; Value = "±10%"; VariantName = "[No Variations]"
Add component (AddParameter): Name = "Value"; Value = "4.7uF"; VariantName = "[No Variations]"
Add component (AddParameter): Name = "Voltage Rated"; Value = "100V"; VariantName = "[No Variations]"
Added Component: Designator=C112(1210_C)
Add component (AddParameter): Name = "Add into BOM"; Value = "yes"; VariantName = "[No Variations]"
Add component (AddParameter): Name = "Convert to PCB"; Value = "yes"; VariantName = "[No Variations]"
Add component (AddParameter): Name = "Datasheet"; Value = "https://atta.szlcsc.com/upload/public/pdf/source/20210617/C2840282_5B7AB5BFD77495008CFAB3FC2796A0E9.pdf"; VariantName = "[No Variations]"
Add component (AddParameter): Name = "Device"; Value = "1210B475K101NT"; VariantName = "[No Variations]"
Add component (AddParameter): Name = "JLCPCB Part Class"; Value = "Extended Part"; VariantName = "[No Variations]"
Add component (AddParameter): Name = "LCSC Part Name"; Value = "4.7uF ±10% 100V"; VariantName = "[No Variations]"
Add component (AddParameter): Name = "Manufacturer"; Value = "FH(风华)"; VariantName = "[No Variations]"
Add component (AddParameter): Name = "Manufacturer Part"; Value = "1210B475K101NT"; VariantName = "[No Variations]"
Add component (AddParameter): Name = "Supplier"; Value = "LCSC"; VariantName = "[No Variations]"
Add component (AddParameter): Name = "Supplier Footprint"; Value = "1210"; VariantName = "[No Variations]"
Add component (AddParameter): Name = "Supplier Part"; Value = "C2840282"; VariantName = "[No Variations]"
Add component (AddParameter): Name = "Symbol"; Value = "1210B475K101NT"; VariantName = "[No Variations]"
Add component (AddParameter): Name = "Temperature Coefficient"; Value = "X7R"; VariantName = "[No Variations]"
Add component (AddParameter): Name = "Tolerance"; Value = "±10%"; VariantName = "[No Variations]"
Add component (AddParameter): Name = "Value"; Value = "4.7uF"; VariantName = "[No Variations]"
Add component (AddParameter): Name = "Voltage Rated"; Value = "100V"; VariantName = "[No Variations]"
Added Component: Designator=C113(1210_C)
Add component (AddParameter): Name = "Add into BOM"; Value = "yes"; VariantName = "[No Variations]"
Add component (AddParameter): Name = "Convert to PCB"; Value = "yes"; VariantName = "[No Variations]"
Add component (AddParameter): Name = "Datasheet"; Value = "https://atta.szlcsc.com/upload/public/pdf/source/20210617/C2840282_5B7AB5BFD77495008CFAB3FC2796A0E9.pdf"; VariantName = "[No Variations]"
Add component (AddParameter): Name = "Device"; Value = "1210B475K101NT"; VariantName = "[No Variations]"
Add component (AddParameter): Name = "JLCPCB Part Class"; Value = "Extended Part"; VariantName = "[No Variations]"
Add component (AddParameter): Name = "LCSC Part Name"; Value = "4.7uF ±10% 100V"; VariantName = "[No Variations]"
Add component (AddParameter): Name = "Manufacturer"; Value = "FH(风华)"; VariantName = "[No Variations]"
Add component (AddParameter): Name = "Manufacturer Part"; Value = "1210B475K101NT"; VariantName = "[No Variations]"
Add component (AddParameter): Name = "Supplier"; Value = "LCSC"; VariantName = "[No Variations]"
Add component (AddParameter): Name = "Supplier Footprint"; Value = "1210"; VariantName = "[No Variations]"
Add component (AddParameter): Name = "Supplier Part"; Value = "C2840282"; VariantName = "[No Variations]"
Add component (AddParameter): Name = "Symbol"; Value = "1210B475K101NT"; VariantName = "[No Variations]"
Add component (AddParameter): Name = "Temperature Coefficient"; Value = "X7R"; VariantName = "[No Variations]"
Add component (AddParameter): Name = "Tolerance"; Value = "±10%"; VariantName = "[No Variations]"
Add component (AddParameter): Name = "Value"; Value = "4.7uF"; VariantName = "[No Variations]"
Add component (AddParameter): Name = "Voltage Rated"; Value = "100V"; VariantName = "[No Variations]"
Added Component: Designator=C114(1210_C)
Add component (AddParameter): Name = "Add into BOM"; Value = "yes"; VariantName = "[No Variations]"
Add component (AddParameter): Name = "Convert to PCB"; Value = "yes"; VariantName = "[No Variations]"
Add component (AddParameter): Name = "Datasheet"; Value = "https://atta.szlcsc.com/upload/public/pdf/source/20210617/C2840282_5B7AB5BFD77495008CFAB3FC2796A0E9.pdf"; VariantName = "[No Variations]"
Add component (AddParameter): Name = "Device"; Value = "1210B475K101NT"; VariantName = "[No Variations]"
Add component (AddParameter): Name = "JLCPCB Part Class"; Value = "Extended Part"; VariantName = "[No Variations]"
Add component (AddParameter): Name = "LCSC Part Name"; Value = "4.7uF ±10% 100V"; VariantName = "[No Variations]"
Add component (AddParameter): Name = "Manufacturer"; Value = "FH(风华)"; VariantName = "[No Variations]"
Add component (AddParameter): Name = "Manufacturer Part"; Value = "1210B475K101NT"; VariantName = "[No Variations]"
Add component (AddParameter): Name = "Supplier"; Value = "LCSC"; VariantName = "[No Variations]"
Add component (AddParameter): Name = "Supplier Footprint"; Value = "1210"; VariantName = "[No Variations]"
Add component (AddParameter): Name = "Supplier Part"; Value = "C2840282"; VariantName = "[No Variations]"
Add component (AddParameter): Name = "Symbol"; Value = "1210B475K101NT"; VariantName = "[No Variations]"
Add component (AddParameter): Name = "Temperature Coefficient"; Value = "X7R"; VariantName = "[No Variations]"
Add component (AddParameter): Name = "Tolerance"; Value = "±10%"; VariantName = "[No Variations]"
Add component (AddParameter): Name = "Value"; Value = "4.7uF"; VariantName = "[No Variations]"
Add component (AddParameter): Name = "Voltage Rated"; Value = "100V"; VariantName = "[No Variations]"
Added Component: Designator=C115(1210_C)
Add component (AddParameter): Name = "Add into BOM"; Value = "yes"; VariantName = "[No Variations]"
Add component (AddParameter): Name = "Convert to PCB"; Value = "yes"; VariantName = "[No Variations]"
Add component (AddParameter): Name = "Datasheet"; Value = "https://atta.szlcsc.com/upload/public/pdf/source/20210617/C2840282_5B7AB5BFD77495008CFAB3FC2796A0E9.pdf"; VariantName = "[No Variations]"
Add component (AddParameter): Name = "Device"; Value = "1210B475K101NT"; VariantName = "[No Variations]"
Add component (AddParameter): Name = "JLCPCB Part Class"; Value = "Extended Part"; VariantName = "[No Variations]"
Add component (AddParameter): Name = "LCSC Part Name"; Value = "4.7uF ±10% 100V"; VariantName = "[No Variations]"
Add component (AddParameter): Name = "Manufacturer"; Value = "FH(风华)"; VariantName = "[No Variations]"
Add component (AddParameter): Name = "Manufacturer Part"; Value = "1210B475K101NT"; VariantName = "[No Variations]"
Add component (AddParameter): Name = "Supplier"; Value = "LCSC"; VariantName = "[No Variations]"
Add component (AddParameter): Name = "Supplier Footprint"; Value = "1210"; VariantName = "[No Variations]"
Add component (AddParameter): Name = "Supplier Part"; Value = "C2840282"; VariantName = "[No Variations]"
Add component (AddParameter): Name = "Symbol"; Value = "1210B475K101NT"; VariantName = "[No Variations]"
Add component (AddParameter): Name = "Temperature Coefficient"; Value = "X7R"; VariantName = "[No Variations]"
Add component (AddParameter): Name = "Tolerance"; Value = "±10%"; VariantName = "[No Variations]"
Add component (AddParameter): Name = "Value"; Value = "4.7uF"; VariantName = "[No Variations]"
Add component (AddParameter): Name = "Voltage Rated"; Value = "100V"; VariantName = "[No Variations]"
Added Component: Designator=C116(1210_C)
Add component (AddParameter): Name = "Add into BOM"; Value = "yes"; VariantName = "[No Variations]"
Add component (AddParameter): Name = "Convert to PCB"; Value = "yes"; VariantName = "[No Variations]"
Add component (AddParameter): Name = "Datasheet"; Value = "https://atta.szlcsc.com/upload/public/pdf/source/20210617/C2840282_5B7AB5BFD77495008CFAB3FC2796A0E9.pdf"; VariantName = "[No Variations]"
Add component (AddParameter): Name = "Device"; Value = "1210B475K101NT"; VariantName = "[No Variations]"
Add component (AddParameter): Name = "JLCPCB Part Class"; Value = "Extended Part"; VariantName = "[No Variations]"
Add component (AddParameter): Name = "LCSC Part Name"; Value = "4.7uF ±10% 100V"; VariantName = "[No Variations]"
Add component (AddParameter): Name = "Manufacturer"; Value = "FH(风华)"; VariantName = "[No Variations]"
Add component (AddParameter): Name = "Manufacturer Part"; Value = "1210B475K101NT"; VariantName = "[No Variations]"
Add component (AddParameter): Name = "Supplier"; Value = "LCSC"; VariantName = "[No Variations]"
Add component (AddParameter): Name = "Supplier Footprint"; Value = "1210"; VariantName = "[No Variations]"
Add component (AddParameter): Name = "Supplier Part"; Value = "C2840282"; VariantName = "[No Variations]"
Add component (AddParameter): Name = "Symbol"; Value = "1210B475K101NT"; VariantName = "[No Variations]"
Add component (AddParameter): Name = "Temperature Coefficient"; Value = "X7R"; VariantName = "[No Variations]"
Add component (AddParameter): Name = "Tolerance"; Value = "±10%"; VariantName = "[No Variations]"
Add component (AddParameter): Name = "Value"; Value = "4.7uF"; VariantName = "[No Variations]"
Add component (AddParameter): Name = "Voltage Rated"; Value = "100V"; VariantName = "[No Variations]"
Added Component: Designator=C117(1210_C)
Add component (AddParameter): Name = "Add into BOM"; Value = "yes"; VariantName = "[No Variations]"
Add component (AddParameter): Name = "Convert to PCB"; Value = "yes"; VariantName = "[No Variations]"
Add component (AddParameter): Name = "Datasheet"; Value = "https://atta.szlcsc.com/upload/public/pdf/source/20210617/C2840282_5B7AB5BFD77495008CFAB3FC2796A0E9.pdf"; VariantName = "[No Variations]"
Add component (AddParameter): Name = "Device"; Value = "1210B475K101NT"; VariantName = "[No Variations]"
Add component (AddParameter): Name = "JLCPCB Part Class"; Value = "Extended Part"; VariantName = "[No Variations]"
Add component (AddParameter): Name = "LCSC Part Name"; Value = "4.7uF ±10% 100V"; VariantName = "[No Variations]"
Add component (AddParameter): Name = "Manufacturer"; Value = "FH(风华)"; VariantName = "[No Variations]"
Add component (AddParameter): Name = "Manufacturer Part"; Value = "1210B475K101NT"; VariantName = "[No Variations]"
Add component (AddParameter): Name = "Supplier"; Value = "LCSC"; VariantName = "[No Variations]"
Add component (AddParameter): Name = "Supplier Footprint"; Value = "1210"; VariantName = "[No Variations]"
Add component (AddParameter): Name = "Supplier Part"; Value = "C2840282"; VariantName = "[No Variations]"
Add component (AddParameter): Name = "Symbol"; Value = "1210B475K101NT"; VariantName = "[No Variations]"
Add component (AddParameter): Name = "Temperature Coefficient"; Value = "X7R"; VariantName = "[No Variations]"
Add component (AddParameter): Name = "Tolerance"; Value = "±10%"; VariantName = "[No Variations]"
Add component (AddParameter): Name = "Value"; Value = "4.7uF"; VariantName = "[No Variations]"
Add component (AddParameter): Name = "Voltage Rated"; Value = "100V"; VariantName = "[No Variations]"
Added Component: Designator=C118(1210_C)
Add component (AddParameter): Name = "Add into BOM"; Value = "yes"; VariantName = "[No Variations]"
Add component (AddParameter): Name = "Convert to PCB"; Value = "yes"; VariantName = "[No Variations]"
Add component (AddParameter): Name = "Datasheet"; Value = "https://atta.szlcsc.com/upload/public/pdf/source/20210617/C2840282_5B7AB5BFD77495008CFAB3FC2796A0E9.pdf"; VariantName = "[No Variations]"
Add component (AddParameter): Name = "Device"; Value = "1210B475K101NT"; VariantName = "[No Variations]"
Add component (AddParameter): Name = "JLCPCB Part Class"; Value = "Extended Part"; VariantName = "[No Variations]"
Add component (AddParameter): Name = "LCSC Part Name"; Value = "4.7uF ±10% 100V"; VariantName = "[No Variations]"
Add component (AddParameter): Name = "Manufacturer"; Value = "FH(风华)"; VariantName = "[No Variations]"
Add component (AddParameter): Name = "Manufacturer Part"; Value = "1210B475K101NT"; VariantName = "[No Variations]"
Add component (AddParameter): Name = "Supplier"; Value = "LCSC"; VariantName = "[No Variations]"
Add component (AddParameter): Name = "Supplier Footprint"; Value = "1210"; VariantName = "[No Variations]"
Add component (AddParameter): Name = "Supplier Part"; Value = "C2840282"; VariantName = "[No Variations]"
Add component (AddParameter): Name = "Symbol"; Value = "1210B475K101NT"; VariantName = "[No Variations]"
Add component (AddParameter): Name = "Temperature Coefficient"; Value = "X7R"; VariantName = "[No Variations]"
Add component (AddParameter): Name = "Tolerance"; Value = "±10%"; VariantName = "[No Variations]"
Add component (AddParameter): Name = "Value"; Value = "4.7uF"; VariantName = "[No Variations]"
Add component (AddParameter): Name = "Voltage Rated"; Value = "100V"; VariantName = "[No Variations]"
Added Component: Designator=C119(1210_C)
Add component (AddParameter): Name = "Add into BOM"; Value = "yes"; VariantName = "[No Variations]"
Add component (AddParameter): Name = "Convert to PCB"; Value = "yes"; VariantName = "[No Variations]"
Add component (AddParameter): Name = "Datasheet"; Value = "https://atta.szlcsc.com/upload/public/pdf/source/20210617/C2840282_5B7AB5BFD77495008CFAB3FC2796A0E9.pdf"; VariantName = "[No Variations]"
Add component (AddParameter): Name = "Device"; Value = "1210B475K101NT"; VariantName = "[No Variations]"
Add component (AddParameter): Name = "JLCPCB Part Class"; Value = "Extended Part"; VariantName = "[No Variations]"
Add component (AddParameter): Name = "LCSC Part Name"; Value = "4.7uF ±10% 100V"; VariantName = "[No Variations]"
Add component (AddParameter): Name = "Manufacturer"; Value = "FH(风华)"; VariantName = "[No Variations]"
Add component (AddParameter): Name = "Manufacturer Part"; Value = "1210B475K101NT"; VariantName = "[No Variations]"
Add component (AddParameter): Name = "Supplier"; Value = "LCSC"; VariantName = "[No Variations]"
Add component (AddParameter): Name = "Supplier Footprint"; Value = "1210"; VariantName = "[No Variations]"
Add component (AddParameter): Name = "Supplier Part"; Value = "C2840282"; VariantName = "[No Variations]"
Add component (AddParameter): Name = "Symbol"; Value = "1210B475K101NT"; VariantName = "[No Variations]"
Add component (AddParameter): Name = "Temperature Coefficient"; Value = "X7R"; VariantName = "[No Variations]"
Add component (AddParameter): Name = "Tolerance"; Value = "±10%"; VariantName = "[No Variations]"
Add component (AddParameter): Name = "Value"; Value = "4.7uF"; VariantName = "[No Variations]"
Add component (AddParameter): Name = "Voltage Rated"; Value = "100V"; VariantName = "[No Variations]"
Added Component: Designator=C120(1210_C)
Add component (AddParameter): Name = "Add into BOM"; Value = "yes"; VariantName = "[No Variations]"
Add component (AddParameter): Name = "Convert to PCB"; Value = "yes"; VariantName = "[No Variations]"
Add component (AddParameter): Name = "Datasheet"; Value = "https://atta.szlcsc.com/upload/public/pdf/source/20210617/C2840282_5B7AB5BFD77495008CFAB3FC2796A0E9.pdf"; VariantName = "[No Variations]"
Add component (AddParameter): Name = "Device"; Value = "1210B475K101NT"; VariantName = "[No Variations]"
Add component (AddParameter): Name = "JLCPCB Part Class"; Value = "Extended Part"; VariantName = "[No Variations]"
Add component (AddParameter): Name = "LCSC Part Name"; Value = "4.7uF ±10% 100V"; VariantName = "[No Variations]"
Add component (AddParameter): Name = "Manufacturer"; Value = "FH(风华)"; VariantName = "[No Variations]"
Add component (AddParameter): Name = "Manufacturer Part"; Value = "1210B475K101NT"; VariantName = "[No Variations]"
Add component (AddParameter): Name = "Supplier"; Value = "LCSC"; VariantName = "[No Variations]"
Add component (AddParameter): Name = "Supplier Footprint"; Value = "1210"; VariantName = "[No Variations]"
Add component (AddParameter): Name = "Supplier Part"; Value = "C2840282"; VariantName = "[No Variations]"
Add component (AddParameter): Name = "Symbol"; Value = "1210B475K101NT"; VariantName = "[No Variations]"
Add component (AddParameter): Name = "Temperature Coefficient"; Value = "X7R"; VariantName = "[No Variations]"
Add component (AddParameter): Name = "Tolerance"; Value = "±10%"; VariantName = "[No Variations]"
Add component (AddParameter): Name = "Value"; Value = "4.7uF"; VariantName = "[No Variations]"
Add component (AddParameter): Name = "Voltage Rated"; Value = "100V"; VariantName = "[No Variations]"
Added Pin To Net: NetName=0V Pin=C109-1
Added Pin To Net: NetName=DC+ Pin=C109-2
Added Pin To Net: NetName=0V Pin=C110-1
Added Pin To Net: NetName=DC+ Pin=C110-2
Added Pin To Net: NetName=0V Pin=C111-1
Added Pin To Net: NetName=DC+ Pin=C111-2
Added Pin To Net: NetName=0V Pin=C112-1
Added Pin To Net: NetName=DC+ Pin=C112-2
Added Pin To Net: NetName=0V Pin=C113-1
Added Pin To Net: NetName=DC+ Pin=C113-2
Added Pin To Net: NetName=0V Pin=C114-1
Added Pin To Net: NetName=DC+ Pin=C114-2
Added Pin To Net: NetName=0V Pin=C115-1
Added Pin To Net: NetName=DC+ Pin=C115-2
Added Pin To Net: NetName=0V Pin=C116-1
Added Pin To Net: NetName=DC+ Pin=C116-2
Added Pin To Net: NetName=0V Pin=C117-1
Added Pin To Net: NetName=DC+ Pin=C117-2
Added Pin To Net: NetName=0V Pin=C118-1
Added Pin To Net: NetName=DC+ Pin=C118-2
Added Pin To Net: NetName=0V Pin=C119-1
Added Pin To Net: NetName=DC+ Pin=C119-2
Added Pin To Net: NetName=0V Pin=C120-1
Added Pin To Net: NetName=DC+ Pin=C120-2
Added Member To Class: ClassName=600米舵机电容板V1.0 Member=Component C109 4.7uf 100V
Added Member To Class: ClassName=600米舵机电容板V1.0 Member=Component C110 4.7uf 100V
Added Member To Class: ClassName=600米舵机电容板V1.0 Member=Component C111 4.7uf 100V
Added Member To Class: ClassName=600米舵机电容板V1.0 Member=Component C112 4.7uf 100V
Added Member To Class: ClassName=600米舵机电容板V1.0 Member=Component C113 4.7uf 100V
Added Member To Class: ClassName=600米舵机电容板V1.0 Member=Component C114 4.7uf 100V
Added Member To Class: ClassName=600米舵机电容板V1.0 Member=Component C115 4.7uf 100V
Added Member To Class: ClassName=600米舵机电容板V1.0 Member=Component C116 4.7uf 100V
Added Member To Class: ClassName=600米舵机电容板V1.0 Member=Component C117 4.7uf 100V
Added Member To Class: ClassName=600米舵机电容板V1.0 Member=Component C118 4.7uf 100V
Added Member To Class: ClassName=600米舵机电容板V1.0 Member=Component C119 4.7uf 100V
Added Member To Class: ClassName=600米舵机电容板V1.0 Member=Component C120 4.7uf 100V
