Added Component: Designator=H9(HDR1X5)
Add component (AddParameter): Name = "LatestRevisionDate"; Value = "17-Jul-2002"; VariantName = "[No Variations]"
Add component (AddParameter): Name = "LatestRevisionNote"; Value = "Re-released for DXP Platform."; VariantName = "[No Variations]"
Add component (AddParameter): Name = "Publisher"; Value = "Altium Limited"; VariantName = "[No Variations]"
Added Component: Designator=H10(HDR1X5)
Add component (AddParameter): Name = "LatestRevisionDate"; Value = "17-Jul-2002"; VariantName = "[No Variations]"
Add component (AddParameter): Name = "LatestRevisionNote"; Value = "Re-released for DXP Platform."; VariantName = "[No Variations]"
Add component (AddParameter): Name = "Publisher"; Value = "Altium Limited"; VariantName = "[No Variations]"
Added Pin To Net: NetName=DC+ Pin=H9-1
Added Pin To Net: NetName=DC+ Pin=H9-2
Added Pin To Net: NetName=DC+ Pin=H9-3
Added Pin To Net: NetName=DC+ Pin=H9-4
Added Pin To Net: NetName=DC+ Pin=H9-5
Added Pin To Net: NetName=0V Pin=H10-1
Added Pin To Net: NetName=0V Pin=H10-2
Added Pin To Net: NetName=0V Pin=H10-3
Added Pin To Net: NetName=0V Pin=H10-4
Added Pin To Net: NetName=0V Pin=H10-5
Added Member To Class: ClassName=600米舵机电容板V1.0 Member=Component H9 1×6插针 2.54
Added Member To Class: ClassName=600米舵机电容板V1.0 Member=Component H10 1×6插针 2.54
