Removed Pin From Net: NetName=0V Pin=C1-1
Removed Pin From Net: NetName=DC+ Pin=D1-3
Removed Pin From Net: NetName=0V Pin=D2-1
Removed Pin From Net: NetName=DC+ Pin=D2-2
Removed Pin From Net: NetName=0V Pin=D4-3
Removed Pin From Net: NetName=0V Pin=H1-2
Removed Pin From Net: NetName=0V Pin=H3-3
Removed Pin From Net: NetName=0V Pin=H3-4
Removed Pin From Net: NetName=0V Pin=H4-2
Removed Pin From Net: NetName=0V Pin=H5-3
Removed Pin From Net: NetName=0V Pin=H5-4
Removed Pin From Net: NetName=DC+ Pin=H9-1
Removed Pin From Net: NetName=DC+ Pin=H9-2
Removed Pin From Net: NetName=DC+ Pin=H9-3
Removed Pin From Net: NetName=DC+ Pin=H9-4
Removed Pin From Net: NetName=DC+ Pin=H9-5
Removed Pin From Net: NetName=0V Pin=H10-1
Removed Pin From Net: NetName=0V Pin=H10-2
Removed Pin From Net: NetName=0V Pin=H10-3
Removed Pin From Net: NetName=0V Pin=H10-4
Removed Pin From Net: NetName=0V Pin=H10-5
Removed Pin From Net: NetName=DC+ Pin=J9-5
Removed Pin From Net: NetName=0V Pin=J9-6
Removed Pin From Net: NetName=0V Pin=U1-5
