Removed Pin From Net: NetName=24V0 Pin=H2-2
Change Component Footprint: Designator=H2 Old Footprint=Fe-HDR1X2/2.54-S New Footprint=CONN-TH_MR30-M
Change Component Comment : Designator=H2 Old Comment=节能模块 New Comment=MR30-M
Change Component Designator: OldDesignator=H1 NewDesignator=H3
Change Component Designator: OldDesignator=H3 NewDesignator=H5
Change component parameters: Designator = "H2" ("H2"); Footprint = "Fe-HDR1X2/2.54-S"; UniqueID = "\JBZMQLOI" ("\JBZMQLOI")
Change component parameters (AddParameter): Name = "Add into BOM"; Value = "yes"; VariantName = "[No Variations]"
Change component parameters (AddParameter): Name = "Belt length"; Value = "-"; VariantName = "[No Variations]"
Change component parameters (AddParameter): Name = "Brand"; Value = "艾迈斯"; VariantName = "[No Variations]"
Change component parameters (AddParameter): Name = "Colour"; Value = "-"; VariantName = "[No Variations]"
Change component parameters (AddParameter): Name = "contact resistance"; Value = "-"; VariantName = "[No Variations]"
Change component parameters (AddParameter): Name = "Convert to PCB"; Value = "yes"; VariantName = "[No Variations]"
Change component parameters (AddParameter): Name = "Datasheet"; Value = "https://atta.szlcsc.com/upload/public/pdf/source/20170412/1491969315720.pdf"; VariantName = "[No Variations]"
Change component parameters (AddParameter): Name = "Device"; Value = "MR30-M"; VariantName = "[No Variations]"
Change component parameters (AddParameter): Name = "FlameRetardantGrade"; Value = "-"; VariantName = "[No Variations]"
Change component parameters (AddParameter): Name = "Input"; Value = "-"; VariantName = "[No Variations]"
Change component parameters (AddParameter): Name = "InsulationMaterial"; Value = "-"; VariantName = "[No Variations]"
Change component parameters (AddParameter): Name = "Interface"; Value = "-"; VariantName = "[No Variations]"
Change component parameters (AddParameter): Name = "InterfaceType"; Value = "公头"; VariantName = "[No Variations]"
Change component parameters (AddParameter): Name = "JLCPCB Part Class"; Value = "Extended Part"; VariantName = "[No Variations]"
Change component parameters (AddParameter): Name = "LCSC Part Name"; Value = "AMASS(艾迈斯)锂电池三芯电源连接器公头MR30-M 2件套"; VariantName = "[No Variations]"
Change component parameters (AddParameter): Name = "Manufacturer"; Value = "AMASS(艾迈斯)"; VariantName = "[No Variations]"
Change component parameters (AddParameter): Name = "Manufacturer Part"; Value = "MR30-M"; VariantName = "[No Variations]"
Change component parameters (AddParameter): Name = "MaximumCurrent"; Value = "-"; VariantName = "[No Variations]"
Change component parameters (AddParameter): Name = "MetalMaterial"; Value = "-"; VariantName = "[No Variations]"
Change component parameters (AddParameter): Name = "Model"; Value = "MR30-M"; VariantName = "[No Variations]"
Change component parameters (AddParameter): Name = "NumberOfUSBHoles"; Value = "-"; VariantName = "[No Variations]"
Change component parameters (AddParameter): Name = "Output"; Value = "-"; VariantName = "[No Variations]"
Change component parameters (AddParameter): Name = "Power"; Value = "-"; VariantName = "[No Variations]"
Change component parameters (AddParameter): Name = "RatedCurrent"; Value = "-"; VariantName = "[No Variations]"
Change component parameters (AddParameter): Name = "RatedVoltage"; Value = "-"; VariantName = "[No Variations]"
Change component parameters (AddParameter): Name = "RecommendedWireGauge"; Value = "-"; VariantName = "[No Variations]"
Change component parameters (AddParameter): Name = "Size"; Value = "-"; VariantName = "[No Variations]"
Change component parameters (AddParameter): Name = "specifications"; Value = "3pin"; VariantName = "[No Variations]"
Change component parameters (AddParameter): Name = "Supplier"; Value = "LCSC"; VariantName = "[No Variations]"
Change component parameters (AddParameter): Name = "Supplier Footprint"; Value = "-"; VariantName = "[No Variations]"
Change component parameters (AddParameter): Name = "Supplier Part"; Value = "C99873"; VariantName = "[No Variations]"
Change component parameters (AddParameter): Name = "Symbol"; Value = "MR30-M"; VariantName = "[No Variations]"
Change component parameters (AddParameter): Name = "Type"; Value = "航空插头"; VariantName = "[No Variations]"
Change component parameters (AddParameter): Name = "Type1"; Value = "-"; VariantName = "[No Variations]"
Added Component: Designator=H1(CONN-TH_XT30U-M)
Add component (AddParameter): Name = "Add into BOM"; Value = "yes"; VariantName = "[No Variations]"
Add component (AddParameter): Name = "Belt length"; Value = "-"; VariantName = "[No Variations]"
Add component (AddParameter): Name = "Brand"; Value = "艾迈斯"; VariantName = "[No Variations]"
Add component (AddParameter): Name = "Colour"; Value = "黄色"; VariantName = "[No Variations]"
Add component (AddParameter): Name = "contact resistance"; Value = "-"; VariantName = "[No Variations]"
Add component (AddParameter): Name = "Convert to PCB"; Value = "yes"; VariantName = "[No Variations]"
Add component (AddParameter): Name = "Datasheet"; Value = "https://atta.szlcsc.com/upload/public/pdf/source/20170606/1496716542582.pdf"; VariantName = "[No Variations]"
Add component (AddParameter): Name = "Device"; Value = "XT30U-M"; VariantName = "[No Variations]"
Add component (AddParameter): Name = "FlameRetardantGrade"; Value = "-"; VariantName = "[No Variations]"
Add component (AddParameter): Name = "Input"; Value = "-"; VariantName = "[No Variations]"
Add component (AddParameter): Name = "InsulationMaterial"; Value = "-"; VariantName = "[No Variations]"
Add component (AddParameter): Name = "Interface"; Value = "-"; VariantName = "[No Variations]"
Add component (AddParameter): Name = "InterfaceType"; Value = "公头"; VariantName = "[No Variations]"
Add component (AddParameter): Name = "JLCPCB Part Class"; Value = "Extended Part"; VariantName = "[No Variations]"
Add component (AddParameter): Name = "LCSC Part Name"; Value = "AMASS(艾迈斯)轻量版锂电池插头公头 XT30U-M"; VariantName = "[No Variations]"
Add component (AddParameter): Name = "Manufacturer"; Value = "AMASS(艾迈斯)"; VariantName = "[No Variations]"
Add component (AddParameter): Name = "Manufacturer Part"; Value = "XT30U-M"; VariantName = "[No Variations]"
Add component (AddParameter): Name = "MaximumCurrent"; Value = "-"; VariantName = "[No Variations]"
Add component (AddParameter): Name = "MetalMaterial"; Value = "-"; VariantName = "[No Variations]"
Add component (AddParameter): Name = "Model"; Value = "XT30U-M"; VariantName = "[No Variations]"
Add component (AddParameter): Name = "NumberOfUSBHoles"; Value = "-"; VariantName = "[No Variations]"
Add component (AddParameter): Name = "Output"; Value = "-"; VariantName = "[No Variations]"
Add component (AddParameter): Name = "Power"; Value = "-"; VariantName = "[No Variations]"
Add component (AddParameter): Name = "RatedCurrent"; Value = "-"; VariantName = "[No Variations]"
Add component (AddParameter): Name = "RatedVoltage"; Value = "-"; VariantName = "[No Variations]"
Add component (AddParameter): Name = "RecommendedWireGauge"; Value = "-"; VariantName = "[No Variations]"
Add component (AddParameter): Name = "Size"; Value = "-"; VariantName = "[No Variations]"
Add component (AddParameter): Name = "specifications"; Value = "-"; VariantName = "[No Variations]"
Add component (AddParameter): Name = "Supplier"; Value = "LCSC"; VariantName = "[No Variations]"
Add component (AddParameter): Name = "Supplier Footprint"; Value = "-"; VariantName = "[No Variations]"
Add component (AddParameter): Name = "Supplier Part"; Value = "C99101"; VariantName = "[No Variations]"
Add component (AddParameter): Name = "Symbol"; Value = "XT30U-M"; VariantName = "[No Variations]"
Add component (AddParameter): Name = "Type"; Value = "插头"; VariantName = "[No Variations]"
Add component (AddParameter): Name = "Type1"; Value = "-"; VariantName = "[No Variations]"
Added Component: Designator=H4(KF301-5.0-2P)
Added Pin To Net: NetName=DC+ Pin=H1-1
Added Pin To Net: NetName=DC- Pin=H1-2
Added Pin To Net: NetName=24V0 Pin=H4-2
Added Pin To Net: NetName=NetH4_1 Pin=H4-1
Added Pin To Net: NetName=NetH4_1 Pin=K1-5
Added Net: Name=NetH4_1
Added Pin To Net: NetName=U Pin=H2-1
Added Pin To Net: NetName=U Pin=J9-1
Added Net: Name=U
Added Pin To Net: NetName=V Pin=H2-2
Added Pin To Net: NetName=V Pin=J9-2
Added Net: Name=V
Added Pin To Net: NetName=W Pin=H2-3
Added Pin To Net: NetName=W Pin=J9-3
Added Net: Name=W
Added Member To Class: ClassName=Sheet1 Member=Component H4 KF301-2P
Added Member To Class: ClassName=Sheet1 Member=Component H5 XH2
Added Rule: Name=Schematic Supply Nets_4
Added Rule: Name=Schematic Supply Nets_5
Added Rule: Name=Schematic Supply Nets_6
